<?xml version="1.0" encoding="UTF-8"?>
<testng-results ignored="0" total="1" passed="1" failed="0" skipped="0">
  <reporter-output>
    <line>
      <![CDATA[Country name test is pass]]>
    </line>
    <line>
      <![CDATA[Release date test is pass]]>
    </line>
  </reporter-output>
  <suite started-at="2022-11-25T21:29:02 IST" name="Default suite" finished-at="2022-11-25T21:29:38 IST" duration-ms="36237">
    <groups>
    </groups>
    <test started-at="2022-11-25T21:29:02 IST" name="Default test" finished-at="2022-11-25T21:29:38 IST" duration-ms="36237">
      <class name="pushpaMovieDetails.pushpaMovieDateAndCountryTest">
        <test-method is-config="true" signature="launchTheBrowser()[pri:0, instance:pushpaMovieDetails.pushpaMovieDateAndCountryTest@273e7444]" started-at="2022-11-25T21:29:02 IST" name="launchTheBrowser" finished-at="2022-11-25T21:29:16 IST" duration-ms="13787" status="PASS">
          <reporter-output>
          </reporter-output>
        </test-method> <!-- launchTheBrowser -->
        <test-method signature="PushpaMovieDateAndCountryTest()[pri:0, instance:pushpaMovieDetails.pushpaMovieDateAndCountryTest@273e7444]" started-at="2022-11-25T21:29:16 IST" name="PushpaMovieDateAndCountryTest" finished-at="2022-11-25T21:29:38 IST" duration-ms="21880" status="PASS">
          <reporter-output>
            <line>
              <![CDATA[Country name test is pass]]>
            </line>
            <line>
              <![CDATA[Release date test is pass]]>
            </line>
          </reporter-output>
        </test-method> <!-- PushpaMovieDateAndCountryTest -->
        <test-method is-config="true" signature="closeBrowser()[pri:0, instance:pushpaMovieDetails.pushpaMovieDateAndCountryTest@273e7444]" started-at="2022-11-25T21:29:38 IST" name="closeBrowser" finished-at="2022-11-25T21:29:38 IST" duration-ms="401" status="PASS">
          <reporter-output>
          </reporter-output>
        </test-method> <!-- closeBrowser -->
      </class> <!-- pushpaMovieDetails.pushpaMovieDateAndCountryTest -->
    </test> <!-- Default test -->
  </suite> <!-- Default suite -->
</testng-results>
